android/app/build/intermediates/manifest_merge_blame_file/debug/manifest-merger-blame-debug-report.txt
1<?xml version="1.0" encoding="utf-8"?>
2<manifest xmlns:android="http://schemas.android.com/apk/res/android"
3    package="com.example.app"
4    android:versionCode="1"
5    android:versionName="1.0" >
6
7    <uses-sdk
8        android:minSdkVersion="22"
9        android:targetSdkVersion="34" />
10
11    <uses-permission android:name="android.permission.INTERNET" />
11-->src\main\AndroidManifest.xml:15:5-67
11-->src\main\AndroidManifest.xml:15:22-64
12    <uses-permission android:name="android.permission.WAKE_LOCK" />
12-->src\main\AndroidManifest.xml:16:5-68
12-->src\main\AndroidManifest.xml:16:22-65
13    <uses-permission android:name="android.permission.VIBRATE" />
13-->src\main\AndroidManifest.xml:17:5-66
13-->src\main\AndroidManifest.xml:17:22-63
14    <uses-permission android:name="android.permission.RECEIVE_BOOT_COMPLETED" />
14-->src\main\AndroidManifest.xml:18:5-81
14-->src\main\AndroidManifest.xml:18:22-78
15    <uses-permission android:name="android.permission.POST_NOTIFICATIONS" />
15-->[:capacitor-local-notifications] AndroidManifest.xml:9:5-77
15-->[:capacitor-local-notifications] AndroidManifest.xml:9:22-74
16
17    <permission
17-->[androidx.core:core:1.12.0] AndroidManifest.xml:22:5-24:47
18        android:name="com.example.app.DYNAMIC_RECEIVER_NOT_EXPORTED_PERMISSION"
18-->[androidx.core:core:1.12.0] AndroidManifest.xml:23:9-81
19        android:protectionLevel="signature" />
19-->[androidx.core:core:1.12.0] AndroidManifest.xml:24:9-44
20
21    <uses-permission android:name="com.example.app.DYNAMIC_RECEIVER_NOT_EXPORTED_PERMISSION" />
21-->[androidx.core:core:1.12.0] AndroidManifest.xml:26:5-97
21-->[androidx.core:core:1.12.0] AndroidManifest.xml:26:22-94
22
23    <application
23-->src\main\AndroidManifest.xml:3:5-14:19
24        android:allowBackup="true"
24-->src\main\AndroidManifest.xml:3:18-44
25        android:appComponentFactory="androidx.core.app.CoreComponentFactory"
25-->[androidx.core:core:1.12.0] AndroidManifest.xml:28:18-86
26        android:debuggable="true"
27        android:extractNativeLibs="true"
28        android:icon="@mipmap/ic_launcher"
28-->src\main\AndroidManifest.xml:3:45-79
29        android:label="@string/app_name"
29-->src\main\AndroidManifest.xml:3:80-112
30        android:roundIcon="@mipmap/ic_launcher_round"
30-->src\main\AndroidManifest.xml:3:113-158
31        android:supportsRtl="true"
31-->src\main\AndroidManifest.xml:3:159-185
32        android:testOnly="true"
33        android:theme="@style/AppTheme"
33-->src\main\AndroidManifest.xml:3:186-217
34        android:usesCleartextTraffic="true" >
34-->src\main\AndroidManifest.xml:3:218-253
35        <activity
35-->src\main\AndroidManifest.xml:4:9-9:20
36            android:name="com.example.app.MainActivity"
36-->src\main\AndroidManifest.xml:4:236-264
37            android:configChanges="orientation|keyboardHidden|keyboard|screenSize|locale|smallestScreenSize|screenLayout|uiMode"
37-->src\main\AndroidManifest.xml:4:19-135
38            android:exported="true"
38-->src\main\AndroidManifest.xml:4:136-159
39            android:label="@string/title_activity_main"
39-->src\main\AndroidManifest.xml:4:160-203
40            android:launchMode="singleTask"
40-->src\main\AndroidManifest.xml:4:204-235
41            android:theme="@style/AppTheme.NoActionBarLaunch" >
41-->src\main\AndroidManifest.xml:4:265-314
42            <intent-filter>
42-->src\main\AndroidManifest.xml:5:13-8:29
43                <action android:name="android.intent.action.MAIN" />
43-->src\main\AndroidManifest.xml:6:17-69
43-->src\main\AndroidManifest.xml:6:25-66
44
45                <category android:name="android.intent.category.LAUNCHER" />
45-->src\main\AndroidManifest.xml:7:17-77
45-->src\main\AndroidManifest.xml:7:27-74
46            </intent-filter>
47        </activity>
48
49        <service
49-->src\main\AndroidManifest.xml:10:9-105
50            android:name="com.example.app.NotificationBackgroundService"
50-->src\main\AndroidManifest.xml:10:42-102
51            android:exported="true" />
51-->src\main\AndroidManifest.xml:10:18-41
52
53        <provider
54            android:name="androidx.core.content.FileProvider"
54-->src\main\AndroidManifest.xml:11:131-180
55            android:authorities="com.example.app.fileprovider"
55-->src\main\AndroidManifest.xml:11:19-70
56            android:exported="false"
56-->src\main\AndroidManifest.xml:11:71-95
57            android:grantUriPermissions="true" >
57-->src\main\AndroidManifest.xml:11:96-130
58            <meta-data
58-->src\main\AndroidManifest.xml:12:13-112
59                android:name="android.support.FILE_PROVIDER_PATHS"
59-->src\main\AndroidManifest.xml:12:24-74
60                android:resource="@xml/file_paths" />
60-->src\main\AndroidManifest.xml:12:75-109
61        </provider>
62
63        <receiver android:name="com.capacitorjs.plugins.localnotifications.TimedNotificationPublisher" />
63-->[:capacitor-local-notifications] AndroidManifest.xml:12:9-106
63-->[:capacitor-local-notifications] AndroidManifest.xml:12:19-103
64        <receiver android:name="com.capacitorjs.plugins.localnotifications.NotificationDismissReceiver" />
64-->[:capacitor-local-notifications] AndroidManifest.xml:13:9-107
64-->[:capacitor-local-notifications] AndroidManifest.xml:13:19-104
65        <receiver
65-->[:capacitor-local-notifications] AndroidManifest.xml:14:9-23:20
66            android:name="com.capacitorjs.plugins.localnotifications.LocalNotificationRestoreReceiver"
66-->[:capacitor-local-notifications] AndroidManifest.xml:15:13-103
67            android:directBootAware="true"
67-->[:capacitor-local-notifications] AndroidManifest.xml:16:13-43
68            android:exported="false" >
68-->[:capacitor-local-notifications] AndroidManifest.xml:17:13-37
69            <intent-filter>
69-->[:capacitor-local-notifications] AndroidManifest.xml:18:13-22:29
70                <action android:name="android.intent.action.LOCKED_BOOT_COMPLETED" />
70-->[:capacitor-local-notifications] AndroidManifest.xml:19:17-86
70-->[:capacitor-local-notifications] AndroidManifest.xml:19:25-83
71                <action android:name="android.intent.action.BOOT_COMPLETED" />
71-->[:capacitor-local-notifications] AndroidManifest.xml:20:17-79
71-->[:capacitor-local-notifications] AndroidManifest.xml:20:25-76
72                <action android:name="android.intent.action.QUICKBOOT_POWERON" />
72-->[:capacitor-local-notifications] AndroidManifest.xml:21:17-82
72-->[:capacitor-local-notifications] AndroidManifest.xml:21:25-79
73            </intent-filter>
74        </receiver>
75
76        <provider
76-->[androidx.emoji2:emoji2:1.2.0] AndroidManifest.xml:24:9-32:20
77            android:name="androidx.startup.InitializationProvider"
77-->[androidx.emoji2:emoji2:1.2.0] AndroidManifest.xml:25:13-67
78            android:authorities="com.example.app.androidx-startup"
78-->[androidx.emoji2:emoji2:1.2.0] AndroidManifest.xml:26:13-68
79            android:exported="false" >
79-->[androidx.emoji2:emoji2:1.2.0] AndroidManifest.xml:27:13-37
80            <meta-data
80-->[androidx.emoji2:emoji2:1.2.0] AndroidManifest.xml:29:13-31:52
81                android:name="androidx.emoji2.text.EmojiCompatInitializer"
81-->[androidx.emoji2:emoji2:1.2.0] AndroidManifest.xml:30:17-75
82                android:value="androidx.startup" />
82-->[androidx.emoji2:emoji2:1.2.0] AndroidManifest.xml:31:17-49
83            <meta-data
83-->[androidx.lifecycle:lifecycle-process:2.6.1] AndroidManifest.xml:29:13-31:52
84                android:name="androidx.lifecycle.ProcessLifecycleInitializer"
84-->[androidx.lifecycle:lifecycle-process:2.6.1] AndroidManifest.xml:30:17-78
85                android:value="androidx.startup" />
85-->[androidx.lifecycle:lifecycle-process:2.6.1] AndroidManifest.xml:31:17-49
86            <meta-data
86-->[androidx.profileinstaller:profileinstaller:1.3.0] AndroidManifest.xml:29:13-31:52
87                android:name="androidx.profileinstaller.ProfileInstallerInitializer"
87-->[androidx.profileinstaller:profileinstaller:1.3.0] AndroidManifest.xml:30:17-85
88                android:value="androidx.startup" />
88-->[androidx.profileinstaller:profileinstaller:1.3.0] AndroidManifest.xml:31:17-49
89        </provider>
90
91        <receiver
91-->[androidx.profileinstaller:profileinstaller:1.3.0] AndroidManifest.xml:34:9-52:20
92            android:name="androidx.profileinstaller.ProfileInstallReceiver"
92-->[androidx.profileinstaller:profileinstaller:1.3.0] AndroidManifest.xml:35:13-76
93            android:directBootAware="false"
93-->[androidx.profileinstaller:profileinstaller:1.3.0] AndroidManifest.xml:36:13-44
94            android:enabled="true"
94-->[androidx.profileinstaller:profileinstaller:1.3.0] AndroidManifest.xml:37:13-35
95            android:exported="true"
95-->[androidx.profileinstaller:profileinstaller:1.3.0] AndroidManifest.xml:38:13-36
96            android:permission="android.permission.DUMP" >
96-->[androidx.profileinstaller:profileinstaller:1.3.0] AndroidManifest.xml:39:13-57
97            <intent-filter>
97-->[androidx.profileinstaller:profileinstaller:1.3.0] AndroidManifest.xml:40:13-42:29
98                <action android:name="androidx.profileinstaller.action.INSTALL_PROFILE" />
98-->[androidx.profileinstaller:profileinstaller:1.3.0] AndroidManifest.xml:41:17-91
98-->[androidx.profileinstaller:profileinstaller:1.3.0] AndroidManifest.xml:41:25-88
99            </intent-filter>
100            <intent-filter>
100-->[androidx.profileinstaller:profileinstaller:1.3.0] AndroidManifest.xml:43:13-45:29
101                <action android:name="androidx.profileinstaller.action.SKIP_FILE" />
101-->[androidx.profileinstaller:profileinstaller:1.3.0] AndroidManifest.xml:44:17-85
101-->[androidx.profileinstaller:profileinstaller:1.3.0] AndroidManifest.xml:44:25-82
102            </intent-filter>
103            <intent-filter>
103-->[androidx.profileinstaller:profileinstaller:1.3.0] AndroidManifest.xml:46:13-48:29
104                <action android:name="androidx.profileinstaller.action.SAVE_PROFILE" />
104-->[androidx.profileinstaller:profileinstaller:1.3.0] AndroidManifest.xml:47:17-88
104-->[androidx.profileinstaller:profileinstaller:1.3.0] AndroidManifest.xml:47:25-85
105            </intent-filter>
106            <intent-filter>
106-->[androidx.profileinstaller:profileinstaller:1.3.0] AndroidManifest.xml:49:13-51:29
107                <action android:name="androidx.profileinstaller.action.BENCHMARK_OPERATION" />
107-->[androidx.profileinstaller:profileinstaller:1.3.0] AndroidManifest.xml:50:17-95
107-->[androidx.profileinstaller:profileinstaller:1.3.0] AndroidManifest.xml:50:25-92
108            </intent-filter>
109        </receiver>
110    </application>
111
112</manifest>